<?xml version="1.0" encoding="UTF-8"?>
<testsuite name="com.bl.iplanalyser.IPLAnalyserServiceTest" tests="1" skipped="0" failures="0" errors="0" timestamp="2020-10-31T18:37:15" hostname="jagriti-Lenovo-ideapad-300-15ISK" time="0.645">
  <properties/>
  <testcase name="givenMostRunCsvFile_whenLoaded_returnCorrectRecords" classname="com.bl.iplanalyser.IPLAnalyserServiceTest" time="0.645"/>
  <system-out><![CDATA[]]></system-out>
  <system-err><![CDATA[]]></system-err>
</testsuite>
