<?xml version="1.0" encoding="UTF-8"?>
<testsuite name="com.bl.iplanalyser.IPLAnalyserServiceTest" tests="10" skipped="0" failures="0" errors="0" timestamp="2020-11-01T19:40:14" hostname="jagriti-Lenovo-ideapad-300-15ISK" time="2.336">
  <properties/>
  <testcase name="givenMostWicketsCsvFile_whenLoaded_returnCorrectRecords" classname="com.bl.iplanalyser.IPLAnalyserServiceTest" time="0.509"/>
  <testcase name="givenMostRunCsvFile_whenLoaded_returnCorrectRecords" classname="com.bl.iplanalyser.IPLAnalyserServiceTest" time="0.159"/>
  <testcase name="givenMostRunCsvFile_whenSortedByStrikingRate_shouldReturnTopStrikingRate" classname="com.bl.iplanalyser.IPLAnalyserServiceTest" time="0.261"/>
  <testcase name="givenMostRunCsvFile_whenSortedByFourSixSR_shouldReturnTopBatsman" classname="com.bl.iplanalyser.IPLAnalyserServiceTest" time="0.188"/>
  <testcase name="givenMostRunCsvFile_whenSortedByRunsAndAvg_shouldReturnTopBatsman" classname="com.bl.iplanalyser.IPLAnalyserServiceTest" time="0.162"/>
  <testcase name="givenMostRunCsvFile_whenSortedBySix_shouldReturnTopBatsman" classname="com.bl.iplanalyser.IPLAnalyserServiceTest" time="0.148"/>
  <testcase name="givenMostRunCsvFile_whenSortedByAvgAndSR_shouldReturnTopBatsman" classname="com.bl.iplanalyser.IPLAnalyserServiceTest" time="0.208"/>
  <testcase name="givenMostRunCsvFile_whenSortedByFour_shouldReturnTopBatsman" classname="com.bl.iplanalyser.IPLAnalyserServiceTest" time="0.274"/>
  <testcase name="givenMostWktsCsvFile_whenSortedByBowlingAvg_shouldReturnTopBowler" classname="com.bl.iplanalyser.IPLAnalyserServiceTest" time="0.218"/>
  <testcase name="givenMostRunCsvFile_whenSortedByAvg_shouldReturnTopAvg" classname="com.bl.iplanalyser.IPLAnalyserServiceTest" time="0.202"/>
  <system-out><![CDATA[]]></system-out>
  <system-err><![CDATA[]]></system-err>
</testsuite>
